<?xml version="1.0" encoding="UTF-8"?>
<!-- Generated by org.testng.reporters.JUnitReportReporter -->
<testsuite hostname="LAPTOP-B8VHV2OK" failures="0" tests="1" name="projecttest.TestProject" time="22.674" errors="0" timestamp="2024-02-05T11:31:00 IST" skipped="0">
  <testcase classname="projecttest.TestProject" name="test" time="22.674"/>
  <system-out/>
</testsuite> <!-- projecttest.TestProject -->
